{"/Users/morulus/Work/morulus/projects/complex-loader/src/index.js": {"path":"/Users/morulus/Work/morulus/projects/complex-loader/src/index.js","statementMap":{"0":{"start":{"line":1,"column":20},"end":{"line":1,"column":43}},"1":{"start":{"line":2,"column":18},"end":{"line":2,"column":45}},"2":{"start":{"line":3,"column":12},"end":{"line":3,"column":33}},"3":{"start":{"line":4,"column":16},"end":{"line":4,"column":41}},"4":{"start":{"line":5,"column":24},"end":{"line":5,"column":52}},"5":{"start":{"line":6,"column":22},"end":{"line":6,"column":48}},"6":{"start":{"line":13,"column":23},"end":{"line":25,"column":2}},"7":{"start":{"line":14,"column":2},"end":{"line":24,"column":8}},"8":{"start":{"line":16,"column":20},"end":{"line":23,"column":11}},"9":{"start":{"line":27,"column":0},"end":{"line":27,"column":32}},"10":{"start":{"line":29,"column":0},"end":{"line":51,"column":2}},"11":{"start":{"line":30,"column":16},"end":{"line":30,"column":44}},"12":{"start":{"line":32,"column":2},"end":{"line":46,"column":3}},"13":{"start":{"line":33,"column":20},"end":{"line":33,"column":64}},"14":{"start":{"line":34,"column":19},"end":{"line":37,"column":5}},"15":{"start":{"line":36,"column":22},"end":{"line":36,"column":91}},"16":{"start":{"line":39,"column":4},"end":{"line":43,"column":6}},"17":{"start":{"line":45,"column":4},"end":{"line":45,"column":22}},"18":{"start":{"line":48,"column":2},"end":{"line":50,"column":4}}},"fnMap":{"0":{"name":"(anonymous_0)","decl":{"start":{"line":13,"column":31},"end":{"line":13,"column":32}},"loc":{"start":{"line":13,"column":48},"end":{"line":25,"column":1}},"line":13},"1":{"name":"(anonymous_1)","decl":{"start":{"line":16,"column":6},"end":{"line":16,"column":7}},"loc":{"start":{"line":16,"column":20},"end":{"line":23,"column":11}},"line":16},"2":{"name":"(anonymous_2)","decl":{"start":{"line":27,"column":17},"end":{"line":27,"column":18}},"loc":{"start":{"line":27,"column":29},"end":{"line":27,"column":31}},"line":27},"3":{"name":"richLoader","decl":{"start":{"line":29,"column":32},"end":{"line":29,"column":42}},"loc":{"start":{"line":29,"column":45},"end":{"line":51,"column":1}},"line":29},"4":{"name":"(anonymous_4)","decl":{"start":{"line":36,"column":6},"end":{"line":36,"column":7}},"loc":{"start":{"line":36,"column":22},"end":{"line":36,"column":91}},"line":36}},"branchMap":{},"s":{"0":1,"1":1,"2":1,"3":1,"4":1,"5":1,"6":1,"7":8,"8":10,"9":1,"10":1,"11":8,"12":8,"13":8,"14":5,"15":6,"16":5,"17":3,"18":3},"f":{"0":8,"1":10,"2":0,"3":8,"4":6},"b":{},"_coverageSchema":"332fd63041d2c1bcb487cc26dd0d5f7d97098a6c","hash":"f2125960dc81c427abc81c7afb3cce1a44cfd554"}
,"/Users/morulus/Work/morulus/projects/complex-loader/src/normalizeLoader.js": {"path":"/Users/morulus/Work/morulus/projects/complex-loader/src/normalizeLoader.js","statementMap":{"0":{"start":{"line":7,"column":0},"end":{"line":31,"column":2}},"1":{"start":{"line":8,"column":2},"end":{"line":30,"column":3}},"2":{"start":{"line":9,"column":4},"end":{"line":9,"column":15}},"3":{"start":{"line":10,"column":9},"end":{"line":30,"column":3}},"4":{"start":{"line":11,"column":4},"end":{"line":13,"column":5}},"5":{"start":{"line":12,"column":6},"end":{"line":12,"column":38}},"6":{"start":{"line":14,"column":34},"end":{"line":14,"column":37}},"7":{"start":{"line":16,"column":6},"end":{"line":26,"column":7}},"8":{"start":{"line":17,"column":8},"end":{"line":17,"column":61}},"9":{"start":{"line":18,"column":13},"end":{"line":26,"column":7}},"10":{"start":{"line":19,"column":8},"end":{"line":22,"column":10}},"11":{"start":{"line":25,"column":8},"end":{"line":25,"column":22}},"12":{"start":{"line":29,"column":4},"end":{"line":29,"column":57}}},"fnMap":{"0":{"name":"normalizeLoader","decl":{"start":{"line":7,"column":26},"end":{"line":7,"column":41}},"loc":{"start":{"line":7,"column":47},"end":{"line":31,"column":1}},"line":7}},"branchMap":{"0":{"loc":{"start":{"line":8,"column":2},"end":{"line":30,"column":3}},"type":"if","locations":[{"start":{"line":8,"column":2},"end":{"line":30,"column":3}},{"start":{"line":8,"column":2},"end":{"line":30,"column":3}}],"line":8},"1":{"loc":{"start":{"line":10,"column":9},"end":{"line":30,"column":3}},"type":"if","locations":[{"start":{"line":10,"column":9},"end":{"line":30,"column":3}},{"start":{"line":10,"column":9},"end":{"line":30,"column":3}}],"line":10},"2":{"loc":{"start":{"line":11,"column":4},"end":{"line":13,"column":5}},"type":"if","locations":[{"start":{"line":11,"column":4},"end":{"line":13,"column":5}},{"start":{"line":11,"column":4},"end":{"line":13,"column":5}}],"line":11},"3":{"loc":{"start":{"line":16,"column":6},"end":{"line":26,"column":7}},"type":"if","locations":[{"start":{"line":16,"column":6},"end":{"line":26,"column":7}},{"start":{"line":16,"column":6},"end":{"line":26,"column":7}}],"line":16},"4":{"loc":{"start":{"line":16,"column":10},"end":{"line":16,"column":47}},"type":"binary-expr","locations":[{"start":{"line":16,"column":10},"end":{"line":16,"column":17}},{"start":{"line":16,"column":21},"end":{"line":16,"column":47}}],"line":16},"5":{"loc":{"start":{"line":18,"column":13},"end":{"line":26,"column":7}},"type":"if","locations":[{"start":{"line":18,"column":13},"end":{"line":26,"column":7}},{"start":{"line":18,"column":13},"end":{"line":26,"column":7}}],"line":18}},"s":{"0":1,"1":14,"2":5,"3":9,"4":8,"5":2,"6":6,"7":6,"8":1,"9":5,"10":4,"11":1,"12":1},"f":{"0":14},"b":{"0":[5,9],"1":[8,1],"2":[2,6],"3":[1,5],"4":[6,5],"5":[4,1]},"_coverageSchema":"332fd63041d2c1bcb487cc26dd0d5f7d97098a6c","hash":"6a0d96e68be19a5a386db7777c28fbaaa0df3c0f"}
,"/Users/morulus/Work/morulus/projects/complex-loader/src/querifyLoader.js": {"path":"/Users/morulus/Work/morulus/projects/complex-loader/src/querifyLoader.js","statementMap":{"0":{"start":{"line":1,"column":16},"end":{"line":1,"column":34}},"1":{"start":{"line":2,"column":14},"end":{"line":2,"column":30}},"2":{"start":{"line":3,"column":19},"end":{"line":3,"column":41}},"3":{"start":{"line":29,"column":0},"end":{"line":61,"column":2}},"4":{"start":{"line":30,"column":2},"end":{"line":60,"column":3}},"5":{"start":{"line":31,"column":4},"end":{"line":31,"column":15}},"6":{"start":{"line":32,"column":9},"end":{"line":60,"column":3}},"7":{"start":{"line":33,"column":4},"end":{"line":35,"column":5}},"8":{"start":{"line":34,"column":6},"end":{"line":34,"column":57}},"9":{"start":{"line":37,"column":4},"end":{"line":59,"column":5}},"10":{"start":{"line":38,"column":34},"end":{"line":38,"column":37}},"11":{"start":{"line":40,"column":26},"end":{"line":43,"column":7}},"12":{"start":{"line":46,"column":18},"end":{"line":46,"column":25}},"13":{"start":{"line":50,"column":32},"end":{"line":50,"column":80}},"14":{"start":{"line":52,"column":6},"end":{"line":54,"column":8}},"15":{"start":{"line":56,"column":6},"end":{"line":56,"column":94}},"16":{"start":{"line":58,"column":6},"end":{"line":58,"column":25}}},"fnMap":{"0":{"name":"querifyLoader","decl":{"start":{"line":29,"column":26},"end":{"line":29,"column":39}},"loc":{"start":{"line":29,"column":50},"end":{"line":61,"column":1}},"line":29}},"branchMap":{"0":{"loc":{"start":{"line":30,"column":2},"end":{"line":60,"column":3}},"type":"if","locations":[{"start":{"line":30,"column":2},"end":{"line":60,"column":3}},{"start":{"line":30,"column":2},"end":{"line":60,"column":3}}],"line":30},"1":{"loc":{"start":{"line":32,"column":9},"end":{"line":60,"column":3}},"type":"if","locations":[{"start":{"line":32,"column":9},"end":{"line":60,"column":3}},{"start":{"line":32,"column":9},"end":{"line":60,"column":3}}],"line":32},"2":{"loc":{"start":{"line":33,"column":4},"end":{"line":35,"column":5}},"type":"if","locations":[{"start":{"line":33,"column":4},"end":{"line":35,"column":5}},{"start":{"line":33,"column":4},"end":{"line":35,"column":5}}],"line":33}},"s":{"0":1,"1":1,"2":1,"3":1,"4":12,"5":6,"6":6,"7":6,"8":2,"9":4,"10":4,"11":4,"12":3,"13":3,"14":3,"15":3,"16":1},"f":{"0":12},"b":{"0":[6,6],"1":[6,0],"2":[2,4]},"_coverageSchema":"332fd63041d2c1bcb487cc26dd0d5f7d97098a6c","hash":"d1c5b84975d044a7a17c90687797ce5215982296"}
}
