TN:
SF:/Users/morulus/Work/morulus/projects/complex-loader/src/index.js
FN:13,(anonymous_0)
FN:16,(anonymous_1)
FN:27,(anonymous_2)
FN:29,richLoader
FN:36,(anonymous_4)
FNF:5
FNH:4
FNDA:8,(anonymous_0)
FNDA:10,(anonymous_1)
FNDA:0,(anonymous_2)
FNDA:8,richLoader
FNDA:6,(anonymous_4)
DA:1,1
DA:2,1
DA:3,1
DA:4,1
DA:5,1
DA:6,1
DA:13,1
DA:14,8
DA:16,10
DA:27,1
DA:29,1
DA:30,8
DA:32,8
DA:33,8
DA:34,5
DA:36,6
DA:39,5
DA:45,3
DA:48,3
LF:19
LH:19
BRF:0
BRH:0
end_of_record
TN:
SF:/Users/morulus/Work/morulus/projects/complex-loader/src/normalizeLoader.js
FN:7,normalizeLoader
FNF:1
FNH:1
FNDA:14,normalizeLoader
DA:7,1
DA:8,14
DA:9,5
DA:10,9
DA:11,8
DA:12,2
DA:14,6
DA:16,6
DA:17,1
DA:18,5
DA:19,4
DA:25,1
DA:29,1
LF:13
LH:13
BRDA:8,0,0,5
BRDA:8,0,1,9
BRDA:10,1,0,8
BRDA:10,1,1,1
BRDA:11,2,0,2
BRDA:11,2,1,6
BRDA:16,3,0,1
BRDA:16,3,1,5
BRDA:16,4,0,6
BRDA:16,4,1,5
BRDA:18,5,0,4
BRDA:18,5,1,1
BRF:12
BRH:12
end_of_record
TN:
SF:/Users/morulus/Work/morulus/projects/complex-loader/src/querifyLoader.js
FN:29,querifyLoader
FNF:1
FNH:1
FNDA:12,querifyLoader
DA:1,1
DA:2,1
DA:3,1
DA:29,1
DA:30,12
DA:31,6
DA:32,6
DA:33,6
DA:34,2
DA:37,4
DA:38,4
DA:40,4
DA:46,3
DA:50,3
DA:52,3
DA:56,3
DA:58,1
LF:17
LH:17
BRDA:30,0,0,6
BRDA:30,0,1,6
BRDA:32,1,0,6
BRDA:32,1,1,0
BRDA:33,2,0,2
BRDA:33,2,1,4
BRF:6
BRH:5
end_of_record
